
Cadence Innovus(TM) Implementation System.
Copyright 2016 Cadence Design Systems, Inc. All rights reserved worldwide.

Version:	v16.20-p002_1, built Tue Nov 8 11:31:23 PST 2016
Options:	
Date:		Sun Apr  5 12:01:29 2020
Host:		viterbi-scf2 (x86_64 w/Linux 3.10.0-957.el7.x86_64) (14cores*112cpus*Intel(R) Xeon(R) Gold 6132 CPU @ 2.60GHz 19712KB)
OS:		CentOS Linux release 7.6.1810 (Core) 

License:
		invs	Innovus Implementation System	16.2	checkout succeeded
		8 CPU jobs allowed with the current license(s). Use setMultiCpuUsage to set your required CPU count.
**ERROR: (IMPOAX-142):	Could not open shared library libinnovusoax22.so : /usr/local/cadence/INNOVUS162/tools/lib/64bit/libinnovusoax22.so: undefined symbol: _ZTIN12OpenAccess_418oaConflictObserverINS_8oaAppDefELj0EEE

**ERROR: (IMPOAX-142):	Could not open shared library libcdsSkillPcell.so : /usr/local/cadence/INNOVUS162/tools/lib/64bit/libcdsSkillPcell.so: undefined symbol: _ZTIN12OpenAccess_413oaFSComponentE

**ERROR: (IMPOAX-142):	OA features will be disabled in this session.


**INFO:  MMMC transition support version v31-84 

<CMD> set_global _enable_mmmc_by_default_flow      $CTE::mmmc_default
<CMD> suppressMessage ENCEXT-2799
**ERROR: (IMPSYT-6689):	Invalid return code while sourcing "/usr/local/cadence/IC617/share/lpa/etc/lpawrapper/tcl/InShape/Encounter.tcl". Check and correct your Tcl script regarding below message:
 couldn't read file "/usr/local/cadence/IC617/tools/bin/../tools.lnx86/lpa/bin/64bit/etc/lpawrapper/tcl/InShape/FixingHint.tcl": no such file or directory
<CMD> getDrawView
<CMD> loadWorkspace -name Physical
<CMD> win
invalid command name "quit"
invalid command name "quit"
**INFO (INTERRUPT): One more Ctrl-C to exit Innovus ...
Innovus terminated by user interrupt.

*** Memory Usage v#1 (Current mem = 468.988M, initial mem = 169.012M) ***
*** Message Summary: 0 warning(s), 4 error(s)

--- Ending "Innovus" (totcpu=0:00:08.4, real=0:00:48.0, mem=469.0M) ---
